#! /c/Source/iverilog-install/bin/vvp
:ivl_version "12.0 (devel)" "(s20150603-1539-g2693dd32b)";
:ivl_delay_selection "TYPICAL";
:vpi_time_precision + 0;
:vpi_module "C:\iverilog\lib\ivl\system.vpi";
:vpi_module "C:\iverilog\lib\ivl\vhdl_sys.vpi";
:vpi_module "C:\iverilog\lib\ivl\vhdl_textio.vpi";
:vpi_module "C:\iverilog\lib\ivl\v2005_math.vpi";
:vpi_module "C:\iverilog\lib\ivl\va_math.vpi";
S_0000013603c02720 .scope module, "comparator" "comparator" 2 2;
 .timescale 0 0;
    .port_info 0 /INPUT 4 "A";
    .port_info 1 /INPUT 4 "B";
    .port_info 2 /OUTPUT 1 "equal";
o0000013603c36ef8 .functor BUFZ 4, C4<zzzz>; HiZ drive
v0000013603c02ef0_0 .net "A", 3 0, o0000013603c36ef8;  0 drivers
o0000013603c36f28 .functor BUFZ 4, C4<zzzz>; HiZ drive
v0000013603c028b0_0 .net "B", 3 0, o0000013603c36f28;  0 drivers
v0000013603c02950_0 .var "equal", 0 0;
E_0000013603c34d30 .event anyedge, v0000013603c028b0_0, v0000013603c02ef0_0;
    .scope S_0000013603c02720;
T_0 ;
    %wait E_0000013603c34d30;
    %load/vec4 v0000013603c02ef0_0;
    %load/vec4 v0000013603c028b0_0;
    %cmp/e;
    %jmp/0xz  T_0.0, 4;
    %pushi/vec4 1, 0, 1;
    %store/vec4 v0000013603c02950_0, 0, 1;
    %jmp T_0.1;
T_0.0 ;
    %pushi/vec4 0, 0, 1;
    %store/vec4 v0000013603c02950_0, 0, 1;
T_0.1 ;
    %jmp T_0;
    .thread T_0, $push;
# The file index is used to find the file name in the following table.
:file_names 3;
    "N/A";
    "<interactive>";
    "comparator.v";
