#! /c/Source/iverilog-install/bin/vvp
:ivl_version "12.0 (devel)" "(s20150603-1539-g2693dd32b)";
:ivl_delay_selection "TYPICAL";
:vpi_time_precision - 12;
:vpi_module "C:\iverilog\lib\ivl\system.vpi";
:vpi_module "C:\iverilog\lib\ivl\vhdl_sys.vpi";
:vpi_module "C:\iverilog\lib\ivl\vhdl_textio.vpi";
:vpi_module "C:\iverilog\lib\ivl\v2005_math.vpi";
:vpi_module "C:\iverilog\lib\ivl\va_math.vpi";
S_0000022af7c26aa0 .scope module, "counter" "counter" 2 2;
 .timescale -9 -12;
    .port_info 0 /INPUT 1 "clk";
    .port_info 1 /INPUT 1 "rst";
    .port_info 2 /INPUT 1 "count_enable";
    .port_info 3 /OUTPUT 4 "count";
o0000022af7b56f58 .functor BUFZ 1, C4<z>; HiZ drive
v0000022af7c27100_0 .net "clk", 0 0, o0000022af7b56f58;  0 drivers
v0000022af7c26c30_0 .var "count", 3 0;
o0000022af7b56fb8 .functor BUFZ 1, C4<z>; HiZ drive
v0000022af7c26cd0_0 .net "count_enable", 0 0, o0000022af7b56fb8;  0 drivers
o0000022af7b56fe8 .functor BUFZ 1, C4<z>; HiZ drive
v0000022af7c26d70_0 .net "rst", 0 0, o0000022af7b56fe8;  0 drivers
E_0000022af7b54cf0 .event posedge, v0000022af7c27100_0;
    .scope S_0000022af7c26aa0;
T_0 ;
    %wait E_0000022af7b54cf0;
    %load/vec4 v0000022af7c26d70_0;
    %flag_set/vec4 8;
    %jmp/0xz  T_0.0, 8;
    %pushi/vec4 0, 0, 4;
    %assign/vec4 v0000022af7c26c30_0, 0;
    %jmp T_0.1;
T_0.0 ;
    %load/vec4 v0000022af7c26cd0_0;
    %cmpi/e 1, 0, 1;
    %jmp/0xz  T_0.2, 4;
    %load/vec4 v0000022af7c26c30_0;
    %addi 1, 0, 4;
    %assign/vec4 v0000022af7c26c30_0, 0;
T_0.2 ;
T_0.1 ;
    %jmp T_0;
    .thread T_0;
# The file index is used to find the file name in the following table.
:file_names 3;
    "N/A";
    "<interactive>";
    "counter.v";
