#! /c/Source/iverilog-install/bin/vvp
:ivl_version "12.0 (devel)" "(s20150603-1539-g2693dd32b)";
:ivl_delay_selection "TYPICAL";
:vpi_time_precision - 12;
:vpi_module "C:\iverilog\lib\ivl\system.vpi";
:vpi_module "C:\iverilog\lib\ivl\vhdl_sys.vpi";
:vpi_module "C:\iverilog\lib\ivl\vhdl_textio.vpi";
:vpi_module "C:\iverilog\lib\ivl\v2005_math.vpi";
:vpi_module "C:\iverilog\lib\ivl\va_math.vpi";
S_0000020419ea6bb0 .scope module, "non_restoring_division_control_path" "non_restoring_division_control_path" 2 2;
 .timescale -9 -12;
    .port_info 0 /INPUT 1 "clk";
    .port_info 1 /INPUT 1 "rst";
    .port_info 2 /INPUT 1 "start";
    .port_info 3 /INPUT 1 "status_correctness_check";
    .port_info 4 /INPUT 1 "done";
    .port_info 5 /OUTPUT 1 "count_enable";
    .port_info 6 /OUTPUT 1 "select_A";
    .port_info 7 /OUTPUT 1 "select_Q";
    .port_info 8 /OUTPUT 1 "ld_A";
    .port_info 9 /OUTPUT 1 "ld_Q";
    .port_info 10 /OUTPUT 1 "select_add";
    .port_info 11 /OUTPUT 1 "shift_left_enable_a";
    .port_info 12 /OUTPUT 1 "shift_left_enable_q";
    .port_info 13 /OUTPUT 1 "ld_rem_quotient";
P_0000020419ddfe50 .param/l "add_sub_wait" 0 2 26, C4<0101>;
P_0000020419ddfe88 .param/l "correct_add_state" 0 2 30, C4<1001>;
P_0000020419ddfec0 .param/l "correct_add_wait_state" 0 2 31, C4<1010>;
P_0000020419ddfef8 .param/l "correctness_check" 0 2 29, C4<1000>;
P_0000020419ddff30 .param/l "display" 0 2 32, C4<1011>;
P_0000020419ddff68 .param/l "idle" 0 2 21, C4<0000>;
P_0000020419ddffa0 .param/l "load" 0 2 22, C4<0001>;
P_0000020419ddffd8 .param/l "load_wait" 0 2 23, C4<0010>;
P_0000020419de0010 .param/l "shift_a" 0 2 24, C4<0011>;
P_0000020419de0048 .param/l "shift_q" 0 2 27, C4<0110>;
P_0000020419de0080 .param/l "wait_a" 0 2 25, C4<0100>;
P_0000020419de00b8 .param/l "wait_q" 0 2 28, C4<0111>;
o0000020419e01fa8 .functor BUFZ 1, C4<z>; HiZ drive
v0000020419eabfb0_0 .net "clk", 0 0, o0000020419e01fa8;  0 drivers
v0000020419ea6e30_0 .var "count_enable", 0 0;
o0000020419e02008 .functor BUFZ 1, C4<z>; HiZ drive
v0000020419de3d40_0 .net "done", 0 0, o0000020419e02008;  0 drivers
v0000020419de3de0_0 .var "ld_A", 0 0;
v0000020419de3e80_0 .var "ld_Q", 0 0;
v0000020419de3f20_0 .var "ld_rem_quotient", 0 0;
v0000020419de3fc0_0 .var "next_state", 3 0;
v0000020419de4060_0 .var "present_state", 3 0;
o0000020419e02128 .functor BUFZ 1, C4<z>; HiZ drive
v0000020419de4510_0 .net "rst", 0 0, o0000020419e02128;  0 drivers
v0000020419e50070_0 .var "select_A", 0 0;
v0000020419e50110_0 .var "select_Q", 0 0;
v0000020419e501b0_0 .var "select_add", 0 0;
v0000020419e50ac0_0 .var "shift_left_enable_a", 0 0;
v0000020419e50c00_0 .var "shift_left_enable_q", 0 0;
o0000020419e02248 .functor BUFZ 1, C4<z>; HiZ drive
v0000020419e50ca0_0 .net "start", 0 0, o0000020419e02248;  0 drivers
o0000020419e02278 .functor BUFZ 1, C4<z>; HiZ drive
v0000020419e502a0_0 .net "status_correctness_check", 0 0, o0000020419e02278;  0 drivers
E_0000020419ddc660 .event anyedge, v0000020419de4060_0;
E_0000020419ddcca0 .event anyedge, v0000020419e50ca0_0, v0000020419de4060_0;
E_0000020419ddcc60 .event posedge, v0000020419de4510_0, v0000020419eabfb0_0;
    .scope S_0000020419ea6bb0;
T_0 ;
    %wait E_0000020419ddcc60;
    %load/vec4 v0000020419de4510_0;
    %flag_set/vec4 8;
    %jmp/0xz  T_0.0, 8;
    %pushi/vec4 0, 0, 4;
    %assign/vec4 v0000020419de4060_0, 0;
    %jmp T_0.1;
T_0.0 ;
    %load/vec4 v0000020419de3fc0_0;
    %assign/vec4 v0000020419de4060_0, 0;
T_0.1 ;
    %jmp T_0;
    .thread T_0;
    .scope S_0000020419ea6bb0;
T_1 ;
    %wait E_0000020419ddcca0;
    %load/vec4 v0000020419de4060_0;
    %dup/vec4;
    %pushi/vec4 0, 0, 4;
    %cmp/u;
    %jmp/1 T_1.0, 6;
    %dup/vec4;
    %pushi/vec4 1, 0, 4;
    %cmp/u;
    %jmp/1 T_1.1, 6;
    %dup/vec4;
    %pushi/vec4 2, 0, 4;
    %cmp/u;
    %jmp/1 T_1.2, 6;
    %dup/vec4;
    %pushi/vec4 3, 0, 4;
    %cmp/u;
    %jmp/1 T_1.3, 6;
    %dup/vec4;
    %pushi/vec4 4, 0, 4;
    %cmp/u;
    %jmp/1 T_1.4, 6;
    %dup/vec4;
    %pushi/vec4 5, 0, 4;
    %cmp/u;
    %jmp/1 T_1.5, 6;
    %dup/vec4;
    %pushi/vec4 6, 0, 4;
    %cmp/u;
    %jmp/1 T_1.6, 6;
    %dup/vec4;
    %pushi/vec4 7, 0, 4;
    %cmp/u;
    %jmp/1 T_1.7, 6;
    %dup/vec4;
    %pushi/vec4 8, 0, 4;
    %cmp/u;
    %jmp/1 T_1.8, 6;
    %dup/vec4;
    %pushi/vec4 9, 0, 4;
    %cmp/u;
    %jmp/1 T_1.9, 6;
    %dup/vec4;
    %pushi/vec4 11, 0, 4;
    %cmp/u;
    %jmp/1 T_1.10, 6;
    %pushi/vec4 0, 0, 4;
    %store/vec4 v0000020419de3fc0_0, 0, 4;
    %jmp T_1.12;
T_1.0 ;
    %load/vec4 v0000020419e50ca0_0;
    %flag_set/vec4 8;
    %jmp/0xz  T_1.13, 8;
    %pushi/vec4 1, 0, 4;
    %store/vec4 v0000020419de3fc0_0, 0, 4;
    %jmp T_1.14;
T_1.13 ;
    %pushi/vec4 0, 0, 4;
    %store/vec4 v0000020419de3fc0_0, 0, 4;
T_1.14 ;
    %jmp T_1.12;
T_1.1 ;
    %pushi/vec4 2, 0, 4;
    %store/vec4 v0000020419de3fc0_0, 0, 4;
    %jmp T_1.12;
T_1.2 ;
    %pushi/vec4 3, 0, 4;
    %store/vec4 v0000020419de3fc0_0, 0, 4;
    %jmp T_1.12;
T_1.3 ;
    %pushi/vec4 4, 0, 4;
    %store/vec4 v0000020419de3fc0_0, 0, 4;
    %jmp T_1.12;
T_1.4 ;
    %pushi/vec4 5, 0, 4;
    %store/vec4 v0000020419de3fc0_0, 0, 4;
    %jmp T_1.12;
T_1.5 ;
    %pushi/vec4 6, 0, 4;
    %store/vec4 v0000020419de3fc0_0, 0, 4;
    %jmp T_1.12;
T_1.6 ;
    %pushi/vec4 7, 0, 4;
    %store/vec4 v0000020419de3fc0_0, 0, 4;
    %jmp T_1.12;
T_1.7 ;
    %load/vec4 v0000020419de3d40_0;
    %flag_set/vec4 8;
    %jmp/0xz  T_1.15, 8;
    %pushi/vec4 8, 0, 4;
    %store/vec4 v0000020419de3fc0_0, 0, 4;
    %jmp T_1.16;
T_1.15 ;
    %pushi/vec4 2, 0, 4;
    %store/vec4 v0000020419de3fc0_0, 0, 4;
T_1.16 ;
    %jmp T_1.12;
T_1.8 ;
    %load/vec4 v0000020419e502a0_0;
    %cmpi/e 1, 0, 1;
    %jmp/0xz  T_1.17, 4;
    %pushi/vec4 9, 0, 4;
    %store/vec4 v0000020419de3fc0_0, 0, 4;
    %jmp T_1.18;
T_1.17 ;
    %pushi/vec4 11, 0, 4;
    %store/vec4 v0000020419de3fc0_0, 0, 4;
T_1.18 ;
    %jmp T_1.12;
T_1.9 ;
    %pushi/vec4 11, 0, 4;
    %store/vec4 v0000020419de3fc0_0, 0, 4;
    %jmp T_1.12;
T_1.10 ;
    %pushi/vec4 0, 0, 4;
    %store/vec4 v0000020419de3fc0_0, 0, 4;
    %jmp T_1.12;
T_1.12 ;
    %pop/vec4 1;
    %jmp T_1;
    .thread T_1, $push;
    .scope S_0000020419ea6bb0;
T_2 ;
    %wait E_0000020419ddc660;
    %load/vec4 v0000020419de4060_0;
    %dup/vec4;
    %pushi/vec4 0, 0, 4;
    %cmp/u;
    %jmp/1 T_2.0, 6;
    %dup/vec4;
    %pushi/vec4 1, 0, 4;
    %cmp/u;
    %jmp/1 T_2.1, 6;
    %dup/vec4;
    %pushi/vec4 2, 0, 4;
    %cmp/u;
    %jmp/1 T_2.2, 6;
    %dup/vec4;
    %pushi/vec4 3, 0, 4;
    %cmp/u;
    %jmp/1 T_2.3, 6;
    %dup/vec4;
    %pushi/vec4 4, 0, 4;
    %cmp/u;
    %jmp/1 T_2.4, 6;
    %dup/vec4;
    %pushi/vec4 5, 0, 4;
    %cmp/u;
    %jmp/1 T_2.5, 6;
    %dup/vec4;
    %pushi/vec4 6, 0, 4;
    %cmp/u;
    %jmp/1 T_2.6, 6;
    %dup/vec4;
    %pushi/vec4 7, 0, 4;
    %cmp/u;
    %jmp/1 T_2.7, 6;
    %dup/vec4;
    %pushi/vec4 8, 0, 4;
    %cmp/u;
    %jmp/1 T_2.8, 6;
    %dup/vec4;
    %pushi/vec4 9, 0, 4;
    %cmp/u;
    %jmp/1 T_2.9, 6;
    %dup/vec4;
    %pushi/vec4 11, 0, 4;
    %cmp/u;
    %jmp/1 T_2.10, 6;
    %pushi/vec4 0, 0, 1;
    %store/vec4 v0000020419ea6e30_0, 0, 1;
    %pushi/vec4 0, 0, 1;
    %store/vec4 v0000020419e50070_0, 0, 1;
    %pushi/vec4 0, 0, 1;
    %store/vec4 v0000020419e50110_0, 0, 1;
    %pushi/vec4 0, 0, 1;
    %store/vec4 v0000020419de3de0_0, 0, 1;
    %pushi/vec4 0, 0, 1;
    %store/vec4 v0000020419de3e80_0, 0, 1;
    %pushi/vec4 0, 0, 1;
    %store/vec4 v0000020419e50ac0_0, 0, 1;
    %pushi/vec4 0, 0, 1;
    %store/vec4 v0000020419e501b0_0, 0, 1;
    %pushi/vec4 0, 0, 1;
    %store/vec4 v0000020419e50c00_0, 0, 1;
    %pushi/vec4 0, 0, 1;
    %store/vec4 v0000020419de3f20_0, 0, 1;
    %jmp T_2.12;
T_2.0 ;
    %pushi/vec4 0, 0, 1;
    %store/vec4 v0000020419ea6e30_0, 0, 1;
    %pushi/vec4 0, 0, 1;
    %store/vec4 v0000020419e50070_0, 0, 1;
    %pushi/vec4 0, 0, 1;
    %store/vec4 v0000020419e50110_0, 0, 1;
    %pushi/vec4 0, 0, 1;
    %store/vec4 v0000020419de3de0_0, 0, 1;
    %pushi/vec4 0, 0, 1;
    %store/vec4 v0000020419de3e80_0, 0, 1;
    %pushi/vec4 0, 0, 1;
    %store/vec4 v0000020419e50ac0_0, 0, 1;
    %pushi/vec4 0, 0, 1;
    %store/vec4 v0000020419e501b0_0, 0, 1;
    %pushi/vec4 0, 0, 1;
    %store/vec4 v0000020419e50c00_0, 0, 1;
    %pushi/vec4 0, 0, 1;
    %store/vec4 v0000020419de3f20_0, 0, 1;
    %jmp T_2.12;
T_2.1 ;
    %pushi/vec4 0, 0, 1;
    %store/vec4 v0000020419ea6e30_0, 0, 1;
    %pushi/vec4 1, 0, 1;
    %store/vec4 v0000020419e50070_0, 0, 1;
    %pushi/vec4 1, 0, 1;
    %store/vec4 v0000020419e50110_0, 0, 1;
    %pushi/vec4 1, 0, 1;
    %store/vec4 v0000020419de3de0_0, 0, 1;
    %pushi/vec4 1, 0, 1;
    %store/vec4 v0000020419de3e80_0, 0, 1;
    %pushi/vec4 0, 0, 1;
    %store/vec4 v0000020419e50ac0_0, 0, 1;
    %pushi/vec4 0, 0, 1;
    %store/vec4 v0000020419e501b0_0, 0, 1;
    %pushi/vec4 0, 0, 1;
    %store/vec4 v0000020419e50c00_0, 0, 1;
    %pushi/vec4 0, 0, 1;
    %store/vec4 v0000020419de3f20_0, 0, 1;
    %jmp T_2.12;
T_2.2 ;
    %pushi/vec4 0, 0, 1;
    %store/vec4 v0000020419ea6e30_0, 0, 1;
    %pushi/vec4 0, 0, 1;
    %store/vec4 v0000020419e50070_0, 0, 1;
    %pushi/vec4 0, 0, 1;
    %store/vec4 v0000020419e50110_0, 0, 1;
    %pushi/vec4 0, 0, 1;
    %store/vec4 v0000020419de3de0_0, 0, 1;
    %pushi/vec4 0, 0, 1;
    %store/vec4 v0000020419de3e80_0, 0, 1;
    %pushi/vec4 0, 0, 1;
    %store/vec4 v0000020419e50ac0_0, 0, 1;
    %pushi/vec4 0, 0, 1;
    %store/vec4 v0000020419e501b0_0, 0, 1;
    %pushi/vec4 0, 0, 1;
    %store/vec4 v0000020419e50c00_0, 0, 1;
    %pushi/vec4 0, 0, 1;
    %store/vec4 v0000020419de3f20_0, 0, 1;
    %jmp T_2.12;
T_2.3 ;
    %pushi/vec4 0, 0, 1;
    %store/vec4 v0000020419ea6e30_0, 0, 1;
    %pushi/vec4 0, 0, 1;
    %store/vec4 v0000020419e50070_0, 0, 1;
    %pushi/vec4 0, 0, 1;
    %store/vec4 v0000020419e50110_0, 0, 1;
    %pushi/vec4 0, 0, 1;
    %store/vec4 v0000020419de3de0_0, 0, 1;
    %pushi/vec4 0, 0, 1;
    %store/vec4 v0000020419de3e80_0, 0, 1;
    %pushi/vec4 1, 0, 1;
    %store/vec4 v0000020419e50ac0_0, 0, 1;
    %pushi/vec4 0, 0, 1;
    %store/vec4 v0000020419e501b0_0, 0, 1;
    %pushi/vec4 0, 0, 1;
    %store/vec4 v0000020419e50c00_0, 0, 1;
    %pushi/vec4 0, 0, 1;
    %store/vec4 v0000020419de3f20_0, 0, 1;
    %jmp T_2.12;
T_2.4 ;
    %pushi/vec4 0, 0, 1;
    %store/vec4 v0000020419ea6e30_0, 0, 1;
    %pushi/vec4 0, 0, 1;
    %store/vec4 v0000020419e50070_0, 0, 1;
    %pushi/vec4 0, 0, 1;
    %store/vec4 v0000020419e50110_0, 0, 1;
    %pushi/vec4 0, 0, 1;
    %store/vec4 v0000020419de3de0_0, 0, 1;
    %pushi/vec4 0, 0, 1;
    %store/vec4 v0000020419de3e80_0, 0, 1;
    %pushi/vec4 0, 0, 1;
    %store/vec4 v0000020419e50ac0_0, 0, 1;
    %pushi/vec4 0, 0, 1;
    %store/vec4 v0000020419e501b0_0, 0, 1;
    %pushi/vec4 0, 0, 1;
    %store/vec4 v0000020419e50c00_0, 0, 1;
    %pushi/vec4 0, 0, 1;
    %store/vec4 v0000020419de3f20_0, 0, 1;
    %jmp T_2.12;
T_2.5 ;
    %pushi/vec4 0, 0, 1;
    %store/vec4 v0000020419ea6e30_0, 0, 1;
    %pushi/vec4 0, 0, 1;
    %store/vec4 v0000020419e50070_0, 0, 1;
    %pushi/vec4 0, 0, 1;
    %store/vec4 v0000020419e50110_0, 0, 1;
    %pushi/vec4 0, 0, 1;
    %store/vec4 v0000020419de3de0_0, 0, 1;
    %pushi/vec4 0, 0, 1;
    %store/vec4 v0000020419de3e80_0, 0, 1;
    %pushi/vec4 0, 0, 1;
    %store/vec4 v0000020419e50ac0_0, 0, 1;
    %pushi/vec4 0, 0, 1;
    %store/vec4 v0000020419e501b0_0, 0, 1;
    %pushi/vec4 0, 0, 1;
    %store/vec4 v0000020419e50c00_0, 0, 1;
    %pushi/vec4 0, 0, 1;
    %store/vec4 v0000020419de3f20_0, 0, 1;
    %jmp T_2.12;
T_2.6 ;
    %pushi/vec4 0, 0, 1;
    %store/vec4 v0000020419ea6e30_0, 0, 1;
    %pushi/vec4 0, 0, 1;
    %store/vec4 v0000020419e50070_0, 0, 1;
    %pushi/vec4 0, 0, 1;
    %store/vec4 v0000020419e50110_0, 0, 1;
    %pushi/vec4 0, 0, 1;
    %store/vec4 v0000020419de3de0_0, 0, 1;
    %pushi/vec4 0, 0, 1;
    %store/vec4 v0000020419de3e80_0, 0, 1;
    %pushi/vec4 0, 0, 1;
    %store/vec4 v0000020419e50ac0_0, 0, 1;
    %pushi/vec4 0, 0, 1;
    %store/vec4 v0000020419e501b0_0, 0, 1;
    %pushi/vec4 1, 0, 1;
    %store/vec4 v0000020419e50c00_0, 0, 1;
    %pushi/vec4 0, 0, 1;
    %store/vec4 v0000020419de3f20_0, 0, 1;
    %jmp T_2.12;
T_2.7 ;
    %pushi/vec4 1, 0, 1;
    %store/vec4 v0000020419ea6e30_0, 0, 1;
    %pushi/vec4 0, 0, 1;
    %store/vec4 v0000020419e50070_0, 0, 1;
    %pushi/vec4 0, 0, 1;
    %store/vec4 v0000020419e50110_0, 0, 1;
    %pushi/vec4 1, 0, 1;
    %store/vec4 v0000020419de3de0_0, 0, 1;
    %pushi/vec4 1, 0, 1;
    %store/vec4 v0000020419de3e80_0, 0, 1;
    %pushi/vec4 0, 0, 1;
    %store/vec4 v0000020419e50ac0_0, 0, 1;
    %pushi/vec4 0, 0, 1;
    %store/vec4 v0000020419e501b0_0, 0, 1;
    %pushi/vec4 0, 0, 1;
    %store/vec4 v0000020419e50c00_0, 0, 1;
    %pushi/vec4 0, 0, 1;
    %store/vec4 v0000020419de3f20_0, 0, 1;
    %jmp T_2.12;
T_2.8 ;
    %pushi/vec4 0, 0, 1;
    %store/vec4 v0000020419ea6e30_0, 0, 1;
    %pushi/vec4 1, 0, 1;
    %store/vec4 v0000020419e50070_0, 0, 1;
    %pushi/vec4 0, 0, 1;
    %store/vec4 v0000020419e50110_0, 0, 1;
    %pushi/vec4 0, 0, 1;
    %store/vec4 v0000020419de3de0_0, 0, 1;
    %pushi/vec4 0, 0, 1;
    %store/vec4 v0000020419de3e80_0, 0, 1;
    %pushi/vec4 0, 0, 1;
    %store/vec4 v0000020419e50ac0_0, 0, 1;
    %pushi/vec4 1, 0, 1;
    %store/vec4 v0000020419e501b0_0, 0, 1;
    %pushi/vec4 0, 0, 1;
    %store/vec4 v0000020419e50c00_0, 0, 1;
    %pushi/vec4 0, 0, 1;
    %store/vec4 v0000020419de3f20_0, 0, 1;
    %jmp T_2.12;
T_2.9 ;
    %pushi/vec4 0, 0, 1;
    %store/vec4 v0000020419ea6e30_0, 0, 1;
    %pushi/vec4 1, 0, 1;
    %store/vec4 v0000020419e50070_0, 0, 1;
    %pushi/vec4 0, 0, 1;
    %store/vec4 v0000020419e50110_0, 0, 1;
    %pushi/vec4 1, 0, 1;
    %store/vec4 v0000020419de3de0_0, 0, 1;
    %pushi/vec4 0, 0, 1;
    %store/vec4 v0000020419de3e80_0, 0, 1;
    %pushi/vec4 0, 0, 1;
    %store/vec4 v0000020419e50ac0_0, 0, 1;
    %pushi/vec4 1, 0, 1;
    %store/vec4 v0000020419e501b0_0, 0, 1;
    %pushi/vec4 0, 0, 1;
    %store/vec4 v0000020419e50c00_0, 0, 1;
    %pushi/vec4 0, 0, 1;
    %store/vec4 v0000020419de3f20_0, 0, 1;
    %jmp T_2.12;
T_2.10 ;
    %pushi/vec4 0, 0, 1;
    %store/vec4 v0000020419ea6e30_0, 0, 1;
    %pushi/vec4 0, 0, 1;
    %store/vec4 v0000020419e50070_0, 0, 1;
    %pushi/vec4 0, 0, 1;
    %store/vec4 v0000020419e50110_0, 0, 1;
    %pushi/vec4 0, 0, 1;
    %store/vec4 v0000020419de3de0_0, 0, 1;
    %pushi/vec4 0, 0, 1;
    %store/vec4 v0000020419de3e80_0, 0, 1;
    %pushi/vec4 0, 0, 1;
    %store/vec4 v0000020419e50ac0_0, 0, 1;
    %pushi/vec4 0, 0, 1;
    %store/vec4 v0000020419e501b0_0, 0, 1;
    %pushi/vec4 0, 0, 1;
    %store/vec4 v0000020419e50c00_0, 0, 1;
    %pushi/vec4 1, 0, 1;
    %store/vec4 v0000020419de3f20_0, 0, 1;
    %jmp T_2.12;
T_2.12 ;
    %pop/vec4 1;
    %jmp T_2;
    .thread T_2, $push;
# The file index is used to find the file name in the following table.
:file_names 3;
    "N/A";
    "<interactive>";
    "non_restoring_division_controlpath.v";
