#! /c/Source/iverilog-install/bin/vvp
:ivl_version "12.0 (devel)" "(s20150603-1539-g2693dd32b)";
:ivl_delay_selection "TYPICAL";
:vpi_time_precision - 12;
:vpi_module "C:\iverilog\lib\ivl\system.vpi";
:vpi_module "C:\iverilog\lib\ivl\vhdl_sys.vpi";
:vpi_module "C:\iverilog\lib\ivl\vhdl_textio.vpi";
:vpi_module "C:\iverilog\lib\ivl\v2005_math.vpi";
:vpi_module "C:\iverilog\lib\ivl\va_math.vpi";
S_000002be323e4440 .scope module, "non_restoring_division_datapath" "non_restoring_division_datapath" 2 14;
 .timescale -9 -12;
    .port_info 0 /INPUT 1 "clk";
    .port_info 1 /INPUT 1 "rst";
    .port_info 2 /INPUT 16 "dividend";
    .port_info 3 /INPUT 16 "divisor";
    .port_info 4 /INPUT 1 "select_A";
    .port_info 5 /INPUT 1 "select_Q";
    .port_info 6 /INPUT 1 "ld_A";
    .port_info 7 /INPUT 1 "ld_Q";
    .port_info 8 /INPUT 1 "shift_left_enable_a";
    .port_info 9 /INPUT 1 "shift_left_enable_q";
    .port_info 10 /INPUT 1 "count_enable";
    .port_info 11 /OUTPUT 16 "quotient";
    .port_info 12 /OUTPUT 17 "remainder";
    .port_info 13 /OUTPUT 1 "done";
v000002be3245b150_0 .net "A", 16 0, v000002be32407500_0;  1 drivers
v000002be3245c0f0_0 .net "Q", 15 0, v000002be32407140_0;  1 drivers
L_000002be324a00d0 .functor BUFT 1, C4<0>, C4<0>, C4<0>, C4<0>;
v000002be3245c190_0 .net/2u *"_ivl_2", 0 0, L_000002be324a00d0;  1 drivers
L_000002be324a0118 .functor BUFT 1, C4<0>, C4<0>, C4<0>, C4<0>;
v000002be3245c230_0 .net/2u *"_ivl_6", 0 0, L_000002be324a0118;  1 drivers
v000002be3245c2d0_0 .net "adder_out", 16 0, v000002be324075a0_0;  1 drivers
o000002be3240aff8 .functor BUFZ 1, C4<z>; HiZ drive
v000002be3245c370_0 .net "clk", 0 0, o000002be3240aff8;  0 drivers
v000002be3245c410_0 .net "complete", 0 0, v000002be3245c550_0;  1 drivers
v000002be3245c910_0 .net "count", 3 0, v000002be3245c870_0;  1 drivers
o000002be3240b598 .functor BUFZ 1, C4<z>; HiZ drive
v000002be3245eb00_0 .net "count_enable", 0 0, o000002be3240b598;  0 drivers
o000002be3240b8f8 .functor BUFZ 16, C4<zzzzzzzzzzzzzzzz>; HiZ drive
v000002be3245e560_0 .net "dividend", 15 0, o000002be3240b8f8;  0 drivers
o000002be3240c048 .functor BUFZ 16, C4<zzzzzzzzzzzzzzzz>; HiZ drive
v000002be3245eba0_0 .net "divisor", 15 0, o000002be3240c048;  0 drivers
v000002be3245d480_0 .var "done", 0 0;
o000002be3240b058 .functor BUFZ 1, C4<z>; HiZ drive
v000002be3245e740_0 .net "ld_A", 0 0, o000002be3240b058;  0 drivers
o000002be3240b208 .functor BUFZ 1, C4<z>; HiZ drive
v000002be3245e880_0 .net "ld_Q", 0 0, o000002be3240b208;  0 drivers
v000002be3245e920_0 .net "mux_out_1", 16 0, v000002be3245cb90_0;  1 drivers
v000002be3245f000_0 .net "mux_out_2", 16 0, v000002be3245caf0_0;  1 drivers
v000002be3245ec40_0 .net "mux_out_3", 15 0, v000002be3245cf50_0;  1 drivers
v000002be3245ef60_0 .net "quotient", 15 0, v000002be3245bb50_0;  1 drivers
v000002be3245dc00_0 .net "remainder", 16 0, v000002be3245bdd0_0;  1 drivers
o000002be3240b0b8 .functor BUFZ 1, C4<z>; HiZ drive
v000002be3245e4c0_0 .net "rst", 0 0, o000002be3240b0b8;  0 drivers
o000002be3240b6e8 .functor BUFZ 1, C4<z>; HiZ drive
v000002be3245d7a0_0 .net "select_A", 0 0, o000002be3240b6e8;  0 drivers
o000002be3240b958 .functor BUFZ 1, C4<z>; HiZ drive
v000002be3245ed80_0 .net "select_Q", 0 0, o000002be3240b958;  0 drivers
o000002be3240bc88 .functor BUFZ 1, C4<z>; HiZ drive
v000002be3245ece0_0 .net "shift_left_enable_a", 0 0, o000002be3240bc88;  0 drivers
o000002be3240bdd8 .functor BUFZ 1, C4<z>; HiZ drive
v000002be3245dde0_0 .net "shift_left_enable_q", 0 0, o000002be3240bdd8;  0 drivers
v000002be3245ee20_0 .net "shift_register_out_a", 16 0, v000002be3245b470_0;  1 drivers
v000002be3245e600_0 .net "shift_register_out_q", 15 0, v000002be3245c7d0_0;  1 drivers
v000002be3245d340_0 .net "subtractor_out", 16 0, v000002be3245b510_0;  1 drivers
L_000002be3245eec0 .concat [ 16 1 0 0], o000002be3240c048, L_000002be324a00d0;
L_000002be3245e9c0 .concat [ 16 1 0 0], o000002be3240c048, L_000002be324a0118;
L_000002be3245d660 .part v000002be3245b470_0, 16, 1;
S_000002be323f6020 .scope module, "A_reg" "register_a" 2 55, 3 2 0, S_000002be323e4440;
 .timescale -9 -12;
    .port_info 0 /INPUT 1 "rst";
    .port_info 1 /INPUT 1 "clk";
    .port_info 2 /INPUT 1 "ld_register";
    .port_info 3 /INPUT 17 "input_data";
    .port_info 4 /OUTPUT 17 "output_data";
v000002be32407dc0_0 .net "clk", 0 0, o000002be3240aff8;  alias, 0 drivers
v000002be32407780_0 .net "input_data", 16 0, v000002be3245cb90_0;  alias, 1 drivers
v000002be32407820_0 .net "ld_register", 0 0, o000002be3240b058;  alias, 0 drivers
v000002be32407500_0 .var "output_data", 16 0;
v000002be32407f00_0 .net "rst", 0 0, o000002be3240b0b8;  alias, 0 drivers
E_000002be323d9f10 .event posedge, v000002be32407f00_0, v000002be32407dc0_0;
S_000002be323f61b0 .scope module, "Q_reg" "register_q" 2 64, 4 3 0, S_000002be323e4440;
 .timescale -9 -12;
    .port_info 0 /INPUT 1 "rst";
    .port_info 1 /INPUT 1 "clk";
    .port_info 2 /INPUT 1 "ld_register";
    .port_info 3 /INPUT 16 "input_data";
    .port_info 4 /OUTPUT 16 "output_data";
v000002be32407000_0 .net "clk", 0 0, o000002be3240aff8;  alias, 0 drivers
v000002be324073c0_0 .net "input_data", 15 0, v000002be3245cf50_0;  alias, 1 drivers
v000002be324070a0_0 .net "ld_register", 0 0, o000002be3240b208;  alias, 0 drivers
v000002be32407140_0 .var "output_data", 15 0;
v000002be324071e0_0 .net "rst", 0 0, o000002be3240b0b8;  alias, 0 drivers
S_000002be323e98f0 .scope module, "adder1" "adder" 2 84, 5 2 0, S_000002be323e4440;
 .timescale -9 -12;
    .port_info 0 /INPUT 17 "A";
    .port_info 1 /INPUT 17 "B";
    .port_info 2 /OUTPUT 17 "sum";
v000002be32407280_0 .net "A", 16 0, v000002be3245b470_0;  alias, 1 drivers
v000002be324076e0_0 .net "B", 16 0, L_000002be3245eec0;  1 drivers
v000002be324075a0_0 .var "sum", 16 0;
E_000002be323da290 .event anyedge, v000002be324076e0_0, v000002be32407280_0;
S_000002be323e9a80 .scope module, "cmp" "comparator" 2 133, 6 2 0, S_000002be323e4440;
 .timescale -9 -12;
    .port_info 0 /INPUT 4 "A";
    .port_info 1 /INPUT 4 "B";
    .port_info 2 /OUTPUT 1 "equal";
v000002be32407960_0 .net "A", 3 0, v000002be3245c870_0;  alias, 1 drivers
L_000002be324a0160 .functor BUFT 1, C4<1111>, C4<0>, C4<0>, C4<0>;
v000002be32407a00_0 .net "B", 3 0, L_000002be324a0160;  1 drivers
v000002be3245c550_0 .var "equal", 0 0;
E_000002be323da3d0 .event anyedge, v000002be32407a00_0, v000002be32407960_0;
S_000002be323fd4a0 .scope module, "incrementer" "counter" 2 125, 7 2 0, S_000002be323e4440;
 .timescale -9 -12;
    .port_info 0 /INPUT 1 "clk";
    .port_info 1 /INPUT 1 "rst";
    .port_info 2 /INPUT 1 "count_enable";
    .port_info 3 /OUTPUT 4 "count";
v000002be3245bab0_0 .net "clk", 0 0, o000002be3240aff8;  alias, 0 drivers
v000002be3245c870_0 .var "count", 3 0;
v000002be3245c730_0 .net "count_enable", 0 0, o000002be3240b598;  alias, 0 drivers
v000002be3245b790_0 .net "rst", 0 0, o000002be3240b0b8;  alias, 0 drivers
E_000002be323d8e10 .event posedge, v000002be32407dc0_0;
S_000002be323fd630 .scope module, "mux1" "mux_2x1" 2 47, 8 2 0, S_000002be323e4440;
 .timescale -9 -12;
    .port_info 0 /INPUT 1 "select";
    .port_info 1 /INPUT 17 "A";
    .port_info 2 /INPUT 17 "B";
    .port_info 3 /OUTPUT 17 "out";
L_000002be324a0088 .functor BUFT 1, C4<00000000000000000>, C4<0>, C4<0>, C4<0>;
v000002be3245b650_0 .net "A", 16 0, L_000002be324a0088;  1 drivers
v000002be3245b830_0 .net "B", 16 0, v000002be3245caf0_0;  alias, 1 drivers
v000002be3245cb90_0 .var "out", 16 0;
v000002be3245cd70_0 .net "select", 0 0, o000002be3240b6e8;  alias, 0 drivers
E_000002be323d9690 .event anyedge, v000002be3245b830_0, v000002be3245b650_0, v000002be3245cd70_0;
S_000002be323f89d0 .scope module, "mux2" "mux_2x1" 2 98, 8 2 0, S_000002be323e4440;
 .timescale -9 -12;
    .port_info 0 /INPUT 1 "select";
    .port_info 1 /INPUT 17 "A";
    .port_info 2 /INPUT 17 "B";
    .port_info 3 /OUTPUT 17 "out";
v000002be3245b6f0_0 .net "A", 16 0, v000002be324075a0_0;  alias, 1 drivers
v000002be3245b5b0_0 .net "B", 16 0, v000002be3245b510_0;  alias, 1 drivers
v000002be3245caf0_0 .var "out", 16 0;
v000002be3245b330_0 .net "select", 0 0, L_000002be3245d660;  1 drivers
E_000002be323d9c50 .event anyedge, v000002be3245b5b0_0, v000002be324075a0_0, v000002be3245b330_0;
S_000002be323f8b60 .scope module, "mux3" "mux_2x1_16bit" 2 106, 9 2 0, S_000002be323e4440;
 .timescale -9 -12;
    .port_info 0 /INPUT 1 "select";
    .port_info 1 /INPUT 16 "A";
    .port_info 2 /INPUT 16 "B";
    .port_info 3 /OUTPUT 16 "out";
v000002be3245b1f0_0 .net "A", 15 0, o000002be3240b8f8;  alias, 0 drivers
v000002be3245b8d0_0 .net "B", 15 0, v000002be3245c7d0_0;  alias, 1 drivers
v000002be3245cf50_0 .var "out", 15 0;
v000002be3245b290_0 .net "select", 0 0, o000002be3240b958;  alias, 0 drivers
E_000002be323d9310 .event anyedge, v000002be3245b8d0_0, v000002be3245b1f0_0, v000002be3245b290_0;
S_000002be323fbf90 .scope module, "quotient_reg" "register_q" 2 149, 4 3 0, S_000002be323e4440;
 .timescale -9 -12;
    .port_info 0 /INPUT 1 "rst";
    .port_info 1 /INPUT 1 "clk";
    .port_info 2 /INPUT 1 "ld_register";
    .port_info 3 /INPUT 16 "input_data";
    .port_info 4 /OUTPUT 16 "output_data";
v000002be3245bc90_0 .net "clk", 0 0, o000002be3240aff8;  alias, 0 drivers
v000002be3245ceb0_0 .net "input_data", 15 0, v000002be32407140_0;  alias, 1 drivers
v000002be3245ce10_0 .net "ld_register", 0 0, v000002be3245c550_0;  alias, 1 drivers
v000002be3245bb50_0 .var "output_data", 15 0;
v000002be3245bd30_0 .net "rst", 0 0, o000002be3240b0b8;  alias, 0 drivers
S_000002be323fc120 .scope module, "remainder_reg" "register_a" 2 140, 3 2 0, S_000002be323e4440;
 .timescale -9 -12;
    .port_info 0 /INPUT 1 "rst";
    .port_info 1 /INPUT 1 "clk";
    .port_info 2 /INPUT 1 "ld_register";
    .port_info 3 /INPUT 17 "input_data";
    .port_info 4 /OUTPUT 17 "output_data";
v000002be3245c4b0_0 .net "clk", 0 0, o000002be3240aff8;  alias, 0 drivers
v000002be3245c5f0_0 .net "input_data", 16 0, v000002be32407500_0;  alias, 1 drivers
v000002be3245b970_0 .net "ld_register", 0 0, v000002be3245c550_0;  alias, 1 drivers
v000002be3245bdd0_0 .var "output_data", 16 0;
v000002be3245c9b0_0 .net "rst", 0 0, o000002be3240b0b8;  alias, 0 drivers
S_000002be323f4a80 .scope module, "shift_A_left" "shift_register_a" 2 73, 10 2 0, S_000002be323e4440;
 .timescale -9 -12;
    .port_info 0 /INPUT 1 "rst";
    .port_info 1 /INPUT 1 "clk";
    .port_info 2 /INPUT 17 "A";
    .port_info 3 /INPUT 16 "Q";
    .port_info 4 /INPUT 1 "shift_left_enable_a";
    .port_info 5 /OUTPUT 17 "shift_out";
v000002be3245ba10_0 .net "A", 16 0, v000002be32407500_0;  alias, 1 drivers
v000002be3245bbf0_0 .net "Q", 15 0, v000002be32407140_0;  alias, 1 drivers
v000002be3245be70_0 .net "clk", 0 0, o000002be3240aff8;  alias, 0 drivers
v000002be3245cff0_0 .net "rst", 0 0, o000002be3240b0b8;  alias, 0 drivers
v000002be3245cc30_0 .net "shift_left_enable_a", 0 0, o000002be3240bc88;  alias, 0 drivers
v000002be3245b470_0 .var "shift_out", 16 0;
S_000002be323f4c10 .scope module, "shift_Q_left" "shift_register_q" 2 115, 11 1 0, S_000002be323e4440;
 .timescale -9 -12;
    .port_info 0 /INPUT 1 "rst";
    .port_info 1 /INPUT 1 "clk";
    .port_info 2 /INPUT 1 "shift_left_enable_q";
    .port_info 3 /INPUT 16 "Q";
    .port_info 4 /INPUT 17 "A";
    .port_info 5 /OUTPUT 16 "shift_out";
v000002be3245bf10_0 .net "A", 16 0, v000002be3245caf0_0;  alias, 1 drivers
v000002be3245bfb0_0 .net "Q", 15 0, v000002be32407140_0;  alias, 1 drivers
v000002be3245ccd0_0 .net "clk", 0 0, o000002be3240aff8;  alias, 0 drivers
v000002be3245ca50_0 .net "rst", 0 0, o000002be3240b0b8;  alias, 0 drivers
v000002be3245c690_0 .net "shift_left_enable_q", 0 0, o000002be3240bdd8;  alias, 0 drivers
v000002be3245c7d0_0 .var "shift_out", 15 0;
S_000002be32136ac0 .scope module, "subtractor1" "subtractor" 2 91, 12 2 0, S_000002be323e4440;
 .timescale -9 -12;
    .port_info 0 /INPUT 17 "A";
    .port_info 1 /INPUT 17 "B";
    .port_info 2 /OUTPUT 17 "difference";
v000002be3245b3d0_0 .net "A", 16 0, v000002be3245b470_0;  alias, 1 drivers
v000002be3245c050_0 .net "B", 16 0, L_000002be3245e9c0;  1 drivers
v000002be3245b510_0 .var "difference", 16 0;
E_000002be323d9b10 .event anyedge, v000002be3245c050_0, v000002be32407280_0;
    .scope S_000002be323fd630;
T_0 ;
    %wait E_000002be323d9690;
    %load/vec4 v000002be3245cd70_0;
    %flag_set/vec4 8;
    %jmp/0xz  T_0.0, 8;
    %load/vec4 v000002be3245b650_0;
    %store/vec4 v000002be3245cb90_0, 0, 17;
    %jmp T_0.1;
T_0.0 ;
    %load/vec4 v000002be3245b830_0;
    %store/vec4 v000002be3245cb90_0, 0, 17;
T_0.1 ;
    %jmp T_0;
    .thread T_0, $push;
    .scope S_000002be323f6020;
T_1 ;
    %wait E_000002be323d9f10;
    %load/vec4 v000002be32407f00_0;
    %flag_set/vec4 8;
    %jmp/0xz  T_1.0, 8;
    %pushi/vec4 0, 0, 17;
    %assign/vec4 v000002be32407500_0, 0;
    %jmp T_1.1;
T_1.0 ;
    %load/vec4 v000002be32407820_0;
    %flag_set/vec4 8;
    %jmp/0xz  T_1.2, 8;
    %load/vec4 v000002be32407780_0;
    %assign/vec4 v000002be32407500_0, 0;
T_1.2 ;
T_1.1 ;
    %jmp T_1;
    .thread T_1;
    .scope S_000002be323f61b0;
T_2 ;
    %wait E_000002be323d9f10;
    %load/vec4 v000002be324071e0_0;
    %flag_set/vec4 8;
    %jmp/0xz  T_2.0, 8;
    %pushi/vec4 0, 0, 16;
    %assign/vec4 v000002be32407140_0, 0;
    %jmp T_2.1;
T_2.0 ;
    %load/vec4 v000002be324070a0_0;
    %flag_set/vec4 8;
    %jmp/0xz  T_2.2, 8;
    %load/vec4 v000002be324073c0_0;
    %assign/vec4 v000002be32407140_0, 0;
T_2.2 ;
T_2.1 ;
    %jmp T_2;
    .thread T_2;
    .scope S_000002be323f4a80;
T_3 ;
    %wait E_000002be323d9f10;
    %load/vec4 v000002be3245cff0_0;
    %flag_set/vec4 8;
    %jmp/0xz  T_3.0, 8;
    %pushi/vec4 0, 0, 17;
    %assign/vec4 v000002be3245b470_0, 0;
    %jmp T_3.1;
T_3.0 ;
    %load/vec4 v000002be3245cc30_0;
    %cmpi/e 1, 0, 1;
    %jmp/0xz  T_3.2, 4;
    %load/vec4 v000002be3245ba10_0;
    %parti/s 16, 0, 2;
    %load/vec4 v000002be3245bbf0_0;
    %parti/s 1, 15, 5;
    %concat/vec4; draw_concat_vec4
    %assign/vec4 v000002be3245b470_0, 0;
T_3.2 ;
T_3.1 ;
    %jmp T_3;
    .thread T_3;
    .scope S_000002be323e98f0;
T_4 ;
    %wait E_000002be323da290;
    %load/vec4 v000002be32407280_0;
    %load/vec4 v000002be324076e0_0;
    %add;
    %store/vec4 v000002be324075a0_0, 0, 17;
    %jmp T_4;
    .thread T_4, $push;
    .scope S_000002be32136ac0;
T_5 ;
    %wait E_000002be323d9b10;
    %load/vec4 v000002be3245b3d0_0;
    %load/vec4 v000002be3245c050_0;
    %sub;
    %store/vec4 v000002be3245b510_0, 0, 17;
    %jmp T_5;
    .thread T_5, $push;
    .scope S_000002be323f89d0;
T_6 ;
    %wait E_000002be323d9c50;
    %load/vec4 v000002be3245b330_0;
    %flag_set/vec4 8;
    %jmp/0xz  T_6.0, 8;
    %load/vec4 v000002be3245b6f0_0;
    %store/vec4 v000002be3245caf0_0, 0, 17;
    %jmp T_6.1;
T_6.0 ;
    %load/vec4 v000002be3245b5b0_0;
    %store/vec4 v000002be3245caf0_0, 0, 17;
T_6.1 ;
    %jmp T_6;
    .thread T_6, $push;
    .scope S_000002be323f8b60;
T_7 ;
    %wait E_000002be323d9310;
    %load/vec4 v000002be3245b290_0;
    %flag_set/vec4 8;
    %jmp/0xz  T_7.0, 8;
    %load/vec4 v000002be3245b1f0_0;
    %store/vec4 v000002be3245cf50_0, 0, 16;
    %jmp T_7.1;
T_7.0 ;
    %load/vec4 v000002be3245b8d0_0;
    %store/vec4 v000002be3245cf50_0, 0, 16;
T_7.1 ;
    %jmp T_7;
    .thread T_7, $push;
    .scope S_000002be323f4c10;
T_8 ;
    %wait E_000002be323d9f10;
    %load/vec4 v000002be3245ca50_0;
    %flag_set/vec4 8;
    %jmp/0xz  T_8.0, 8;
    %pushi/vec4 0, 0, 16;
    %assign/vec4 v000002be3245c7d0_0, 0;
    %jmp T_8.1;
T_8.0 ;
    %load/vec4 v000002be3245c690_0;
    %cmpi/e 1, 0, 1;
    %jmp/0xz  T_8.2, 4;
    %load/vec4 v000002be3245bfb0_0;
    %parti/s 15, 0, 2;
    %load/vec4 v000002be3245bf10_0;
    %parti/s 1, 16, 6;
    %inv;
    %concat/vec4; draw_concat_vec4
    %assign/vec4 v000002be3245c7d0_0, 0;
T_8.2 ;
T_8.1 ;
    %jmp T_8;
    .thread T_8;
    .scope S_000002be323fd4a0;
T_9 ;
    %wait E_000002be323d8e10;
    %load/vec4 v000002be3245b790_0;
    %flag_set/vec4 8;
    %jmp/0xz  T_9.0, 8;
    %pushi/vec4 0, 0, 4;
    %assign/vec4 v000002be3245c870_0, 0;
    %jmp T_9.1;
T_9.0 ;
    %load/vec4 v000002be3245c730_0;
    %cmpi/e 1, 0, 1;
    %jmp/0xz  T_9.2, 4;
    %load/vec4 v000002be3245c870_0;
    %addi 1, 0, 4;
    %assign/vec4 v000002be3245c870_0, 0;
T_9.2 ;
T_9.1 ;
    %jmp T_9;
    .thread T_9;
    .scope S_000002be323e9a80;
T_10 ;
    %wait E_000002be323da3d0;
    %load/vec4 v000002be32407960_0;
    %load/vec4 v000002be32407a00_0;
    %cmp/e;
    %jmp/0xz  T_10.0, 4;
    %pushi/vec4 1, 0, 1;
    %store/vec4 v000002be3245c550_0, 0, 1;
    %jmp T_10.1;
T_10.0 ;
    %pushi/vec4 0, 0, 1;
    %store/vec4 v000002be3245c550_0, 0, 1;
T_10.1 ;
    %jmp T_10;
    .thread T_10, $push;
    .scope S_000002be323fc120;
T_11 ;
    %wait E_000002be323d9f10;
    %load/vec4 v000002be3245c9b0_0;
    %flag_set/vec4 8;
    %jmp/0xz  T_11.0, 8;
    %pushi/vec4 0, 0, 17;
    %assign/vec4 v000002be3245bdd0_0, 0;
    %jmp T_11.1;
T_11.0 ;
    %load/vec4 v000002be3245b970_0;
    %flag_set/vec4 8;
    %jmp/0xz  T_11.2, 8;
    %load/vec4 v000002be3245c5f0_0;
    %assign/vec4 v000002be3245bdd0_0, 0;
T_11.2 ;
T_11.1 ;
    %jmp T_11;
    .thread T_11;
    .scope S_000002be323fbf90;
T_12 ;
    %wait E_000002be323d9f10;
    %load/vec4 v000002be3245bd30_0;
    %flag_set/vec4 8;
    %jmp/0xz  T_12.0, 8;
    %pushi/vec4 0, 0, 16;
    %assign/vec4 v000002be3245bb50_0, 0;
    %jmp T_12.1;
T_12.0 ;
    %load/vec4 v000002be3245ce10_0;
    %flag_set/vec4 8;
    %jmp/0xz  T_12.2, 8;
    %load/vec4 v000002be3245ceb0_0;
    %assign/vec4 v000002be3245bb50_0, 0;
T_12.2 ;
T_12.1 ;
    %jmp T_12;
    .thread T_12;
# The file index is used to find the file name in the following table.
:file_names 13;
    "N/A";
    "<interactive>";
    "non_restoring_division_datapath.v";
    "./register_a.v";
    "./register_q.v";
    "./adder.v";
    "./comparator.v";
    "./counter.v";
    "./mux_2x1.v";
    "./mux_2x1_16bit.v";
    "./shift_register_a.v";
    "./shift_register_q.v";
    "./subtractor.v";
